<?xml version="1.0" encoding="UTF-8"?>
<testsuite name="todolist.TodolistSpringApplicationTests" tests="1" skipped="0" failures="0" errors="0" timestamp="2022-04-04T10:47:41" hostname="Nilss-MBP" time="0.44">
  <properties/>
  <testcase name="contextLoads()" classname="todolist.TodolistSpringApplicationTests" time="0.44"/>
  <system-out><![CDATA[12:47:38.465 [Test worker] DEBUG org.springframework.test.context.BootstrapUtils - Instantiating CacheAwareContextLoaderDelegate from class [org.springframework.test.context.cache.DefaultCacheAwareContextLoaderDelegate]
12:47:38.475 [Test worker] DEBUG org.springframework.test.context.BootstrapUtils - Instantiating BootstrapContext using constructor [public org.springframework.test.context.support.DefaultBootstrapContext(java.lang.Class,org.springframework.test.context.CacheAwareContextLoaderDelegate)]
12:47:38.521 [Test worker] DEBUG org.springframework.test.context.BootstrapUtils - Instantiating TestContextBootstrapper for test class [todolist.TodolistSpringApplicationTests] from class [org.springframework.boot.test.context.SpringBootTestContextBootstrapper]
12:47:38.533 [Test worker] INFO org.springframework.boot.test.context.SpringBootTestContextBootstrapper - Neither @ContextConfiguration nor @ContextHierarchy found for test class [todolist.TodolistSpringApplicationTests], using SpringBootContextLoader
12:47:38.538 [Test worker] DEBUG org.springframework.test.context.support.AbstractContextLoader - Did not detect default resource location for test class [todolist.TodolistSpringApplicationTests]: class path resource [todolist/TodolistSpringApplicationTests-context.xml] does not exist
12:47:38.538 [Test worker] DEBUG org.springframework.test.context.support.AbstractContextLoader - Did not detect default resource location for test class [todolist.TodolistSpringApplicationTests]: class path resource [todolist/TodolistSpringApplicationTestsContext.groovy] does not exist
12:47:38.538 [Test worker] INFO org.springframework.test.context.support.AbstractContextLoader - Could not detect default resource locations for test class [todolist.TodolistSpringApplicationTests]: no resource found for suffixes {-context.xml, Context.groovy}.
12:47:38.539 [Test worker] INFO org.springframework.test.context.support.AnnotationConfigContextLoaderUtils - Could not detect default configuration classes for test class [todolist.TodolistSpringApplicationTests]: TodolistSpringApplicationTests does not declare any static, non-private, non-final, nested classes annotated with @Configuration.
12:47:38.650 [Test worker] DEBUG org.springframework.context.annotation.ClassPathScanningCandidateComponentProvider - Identified candidate component class: file [/Users/nilsreck/sipgate/homework-nreck-669627288940/todolist/todolist_spring/build/classes/java/main/todolist/TodolistSpringApplication.class]
12:47:38.651 [Test worker] INFO org.springframework.boot.test.context.SpringBootTestContextBootstrapper - Found @SpringBootConfiguration todolist.TodolistSpringApplication for test class todolist.TodolistSpringApplicationTests
12:47:38.748 [Test worker] DEBUG org.springframework.boot.test.context.SpringBootTestContextBootstrapper - @TestExecutionListeners is not present for class [todolist.TodolistSpringApplicationTests]: using defaults.
12:47:38.749 [Test worker] INFO org.springframework.boot.test.context.SpringBootTestContextBootstrapper - Loaded default TestExecutionListener class names from location [META-INF/spring.factories]: [org.springframework.boot.test.autoconfigure.restdocs.RestDocsTestExecutionListener, org.springframework.boot.test.autoconfigure.web.client.MockRestServiceServerResetTestExecutionListener, org.springframework.boot.test.autoconfigure.web.servlet.MockMvcPrintOnlyOnFailureTestExecutionListener, org.springframework.boot.test.autoconfigure.web.servlet.WebDriverTestExecutionListener, org.springframework.boot.test.autoconfigure.webservices.client.MockWebServiceServerTestExecutionListener, org.springframework.boot.test.mock.mockito.MockitoTestExecutionListener, org.springframework.boot.test.mock.mockito.ResetMocksTestExecutionListener, org.springframework.test.context.web.ServletTestExecutionListener, org.springframework.test.context.support.DirtiesContextBeforeModesTestExecutionListener, org.springframework.test.context.event.ApplicationEventsTestExecutionListener, org.springframework.test.context.support.DependencyInjectionTestExecutionListener, org.springframework.test.context.support.DirtiesContextTestExecutionListener, org.springframework.test.context.transaction.TransactionalTestExecutionListener, org.springframework.test.context.jdbc.SqlScriptsTestExecutionListener, org.springframework.test.context.event.EventPublishingTestExecutionListener]
12:47:38.767 [Test worker] INFO org.springframework.boot.test.context.SpringBootTestContextBootstrapper - Using TestExecutionListeners: [org.springframework.test.context.web.ServletTestExecutionListener@16c9f7f0, org.springframework.test.context.support.DirtiesContextBeforeModesTestExecutionListener@187df588, org.springframework.test.context.event.ApplicationEventsTestExecutionListener@7d75940, org.springframework.boot.test.mock.mockito.MockitoTestExecutionListener@3e5cbcfe, org.springframework.boot.test.autoconfigure.SpringBootDependencyInjectionTestExecutionListener@6773bab2, org.springframework.test.context.support.DirtiesContextTestExecutionListener@1055d261, org.springframework.test.context.transaction.TransactionalTestExecutionListener@2d758472, org.springframework.test.context.jdbc.SqlScriptsTestExecutionListener@7615666e, org.springframework.test.context.event.EventPublishingTestExecutionListener@c49e434, org.springframework.boot.test.autoconfigure.restdocs.RestDocsTestExecutionListener@32b1e906, org.springframework.boot.test.autoconfigure.web.client.MockRestServiceServerResetTestExecutionListener@33e6bd36, org.springframework.boot.test.autoconfigure.web.servlet.MockMvcPrintOnlyOnFailureTestExecutionListener@6e1d9b32, org.springframework.boot.test.autoconfigure.web.servlet.WebDriverTestExecutionListener@2db6ba81, org.springframework.boot.test.autoconfigure.webservices.client.MockWebServiceServerTestExecutionListener@10728fe8, org.springframework.boot.test.mock.mockito.ResetMocksTestExecutionListener@16fb9fdd]
12:47:38.771 [Test worker] DEBUG org.springframework.test.context.support.AbstractDirtiesContextTestExecutionListener - Before test class: context [DefaultTestContext@7957aa57 testClass = TodolistSpringApplicationTests, testInstance = [null], testMethod = [null], testException = [null], mergedContextConfiguration = [WebMergedContextConfiguration@7b92ea9d testClass = TodolistSpringApplicationTests, locations = '{}', classes = '{class todolist.TodolistSpringApplication}', contextInitializerClasses = '[]', activeProfiles = '{database-test, test}', propertySourceLocations = '{}', propertySourceProperties = '{org.springframework.boot.test.context.SpringBootTestContextBootstrapper=true}', contextCustomizers = set[org.springframework.boot.test.autoconfigure.actuate.metrics.MetricsExportContextCustomizerFactory$DisableMetricExportContextCustomizer@1dce481b, org.springframework.boot.test.autoconfigure.properties.PropertyMappingContextCustomizer@0, org.springframework.boot.test.autoconfigure.web.servlet.WebDriverContextCustomizerFactory$Customizer@3987a1e8, org.springframework.boot.test.context.filter.ExcludeFilterContextCustomizer@1d1fd2aa, org.springframework.boot.test.json.DuplicateJsonObjectContextCustomizerFactory$DuplicateJsonObjectContextCustomizer@2b506a79, org.springframework.boot.test.mock.mockito.MockitoContextCustomizer@0, org.springframework.boot.test.web.client.TestRestTemplateContextCustomizer@38a52072, org.springframework.boot.test.context.SpringBootTestArgs@1, org.springframework.boot.test.context.SpringBootTestWebEnvironment@6aa61224], resourceBasePath = 'src/main/webapp', contextLoader = 'org.springframework.boot.test.context.SpringBootContextLoader', parent = [null]], attributes = map['org.springframework.test.context.web.ServletTestExecutionListener.activateListener' -> true]], class annotated with @DirtiesContext [false] with mode [null].

  .   ____          _            __ _ _
 /\\ / ___'_ __ _ _(_)_ __  __ _ \ \ \ \
( ( )\___ | '_ | '_| | '_ \/ _` | \ \ \ \
 \\/  ___)| |_)| | | | | || (_| |  ) ) ) )
  '  |____| .__|_| |_|_| |_\__, | / / / /
 =========|_|==============|___/=/_/_/_/
 :: Spring Boot ::                (v2.6.4)

2022-04-04 12:47:39.145  INFO 36861 --- [    Test worker] todolist.TodolistSpringApplicationTests  : Starting TodolistSpringApplicationTests using Java 17.0.1 on Nilss-MBP with PID 36861 (started by nilsreck in /Users/nilsreck/sipgate/homework-nreck-669627288940/todolist/todolist_spring)
2022-04-04 12:47:39.148  INFO 36861 --- [    Test worker] todolist.TodolistSpringApplicationTests  : The following 3 profiles are active: "database", "database-test", "test"
2022-04-04 12:47:39.885  INFO 36861 --- [    Test worker] .s.d.r.c.RepositoryConfigurationDelegate : Bootstrapping Spring Data JDBC repositories in DEFAULT mode.
2022-04-04 12:47:39.938  INFO 36861 --- [    Test worker] .s.d.r.c.RepositoryConfigurationDelegate : Finished Spring Data repository scanning in 46 ms. Found 1 JDBC repository interfaces.
2022-04-04 12:47:40.769  INFO 36861 --- [    Test worker] o.f.c.internal.license.VersionPrinter    : Flyway Community Edition 8.0.5 by Redgate
2022-04-04 12:47:40.770  INFO 36861 --- [    Test worker] o.f.c.i.database.base.BaseDatabaseType   : Database: jdbc:h2:mem:todolist_test (H2 1.4)
2022-04-04 12:47:40.856  INFO 36861 --- [    Test worker] o.f.core.internal.database.base.Schema   : Creating schema "todolist_test" ...
2022-04-04 12:47:40.868  INFO 36861 --- [    Test worker] o.f.c.i.s.JdbcTableSchemaHistory         : Creating Schema History table "todolist_test"."flyway_schema_history" ...
2022-04-04 12:47:40.955  INFO 36861 --- [    Test worker] o.f.core.internal.command.DbMigrate      : Current version of schema "todolist_test": null
2022-04-04 12:47:40.961  INFO 36861 --- [    Test worker] o.f.core.internal.command.DbMigrate      : Migrating schema "todolist_test" to version "1 - init"
2022-04-04 12:47:40.990  INFO 36861 --- [    Test worker] o.f.core.internal.command.DbMigrate      : Successfully applied 1 migration to schema "todolist_test", now at version v1 (execution time 00:00.048s)
2022-04-04 12:47:41.050  INFO 36861 --- [    Test worker] com.zaxxer.hikari.HikariDataSource       : HikariPool-1 - Starting...
2022-04-04 12:47:41.067  INFO 36861 --- [    Test worker] com.zaxxer.hikari.HikariDataSource       : HikariPool-1 - Start completed.
2022-04-04 12:47:41.894  INFO 36861 --- [    Test worker] todolist.TodolistSpringApplicationTests  : Started TodolistSpringApplicationTests in 3.089 seconds (JVM running for 6.82)
]]></system-out>
  <system-err><![CDATA[]]></system-err>
</testsuite>
